[     259ms] [ERROR] Failed to load resource: the server responded with a status of 500 (Internal Server Error) @ http://localhost:3000/operazioni:0
[     326ms] PrismaClientValidationError: 
Invalid `__TURBOPACK__imported__module__$5b$project$5d2f$src$2f$lib$2f$prisma$2e$ts__$5b$app$2d$rsc$5d$__$28$ecmascript$29$__["prisma"].categoriaSpesa.findMany()` invocation in
/Users/giuseppeantonacci/Desktop/Prima Nota/.next/dev/server/chunks/ssr/[root-of-the-server]__f635e407._.js:297:151

  294         quotaPercentuale: true
  295     }
  296 }),
→ 297 __TURBOPACK__imported__module__$5b$project$5d2f$src$2f$lib$2f$prisma$2e$ts__$5b$app$2d$rsc$5d$__$28$ecmascript$29$__["prisma"].categoriaSpesa.findMany({
        where: {
          attiva: true,
      +   societaId: {
      +     equals: Int | IntFieldRefInput,
      +     in: Int[],
      +     notIn: Int[],
      +     lt: Int | IntFieldRefInput,
      +     lte: Int | IntFieldRefInput,
      +     gt: Int | IntFieldRefInput,
      +     gte: Int | IntFieldRefInput,
      +     not: Int | NestedIntFilter
      +   }
        },
        orderBy: {
          nome: "asc"
        },
        select: {
          id: true,
          nome: true
        }
      })

Argument `societaId` must not be null.
    at Function.all (<anonymous>:1:21)
    at OperazioniPage (about://React/Server/file:///Users/giuseppeantonacci/Desktop/Prima%20Nota/.next/dev/server/chunks/ssr/%5Broot-of-the-server%5D__f635e407._.js?5:276:31)
    at resolveErrorDev (http://localhost:3000/_next/static/chunks/node_modules_next_dist_compiled_react-server-dom-turbopack_9212ccad._.js:1894:148)
    at processFullStringRow (http://localhost:3000/_next/static/chunks/node_modules_next_dist_compiled_react-server-dom-turbopack_9212ccad._.js:2402:29)
    at processFullBinaryRow (http://localhost:3000/_next/static/chunks/node_modules_next_dist_compiled_react-server-dom-turbopack_9212ccad._.js:2361:9)
    at processBinaryChunk (http://localhost:3000/_next/static/chunks/node_modules_next_dist_compiled_react-server-dom-turbopack_9212ccad._.js:2470:221)
    at progress (http://localhost:3000/_next/static/chunks/node_modules_next_dist_compiled_react-server-dom-turbopack_9212ccad._.js:2640:13)
[    3358ms] [WARNING] The resource http://localhost:3000/_next/static/chunks/%5Broot-of-the-server%5D__0f0ba101._.css was preloaded using link preload but not used within a few seconds from the window's load event. Please make sure it has an appropriate `as` value and it is preloaded intentionally. @ http://localhost:3000/operazioni:0
